<?xml version="1.0" encoding="UTF-8"?>
<testng-results ignored="9" total="13" passed="4" failed="0" skipped="0">
  <reporter-output>
  </reporter-output>
  <suite started-at="2023-07-21T10:04:08Z" name="DEFEW_project" finished-at="2023-07-21T10:04:41Z" duration-ms="33396">
    <groups>
    </groups>
    <test started-at="2023-07-21T10:04:08Z" name="chromeTest" finished-at="2023-07-21T10:04:41Z" duration-ms="33396">
      <class name="blazedemo.testcases.negative_test">
        <test-method is-config="true" signature="startTest(java.lang.reflect.Method)[pri:0, instance:blazedemo.testcases.negative_test@4f6f416f]" started-at="2023-07-21T10:04:29Z" name="startTest" finished-at="2023-07-21T10:04:29Z" duration-ms="0" status="PASS">
          <params>
            <param index="0">
              <value>
                <![CDATA[public void blazedemo.testcases.negative_test.negative_test_test() throws java.lang.InterruptedException]]>
              </value>
            </param>
          </params>
          <reporter-output>
          </reporter-output>
        </test-method> <!-- startTest -->
        <test-method signature="negative_test_test()[pri:0, instance:blazedemo.testcases.negative_test@4f6f416f]" started-at="2023-07-21T10:04:29Z" name="negative_test_test" finished-at="2023-07-21T10:04:41Z" duration-ms="12294" status="PASS">
          <reporter-output>
          </reporter-output>
        </test-method> <!-- negative_test_test -->
        <test-method is-config="true" signature="status(org.testng.ITestResult)[pri:0, instance:blazedemo.testcases.negative_test@4f6f416f]" started-at="2023-07-21T10:04:41Z" name="status" finished-at="2023-07-21T10:04:41Z" duration-ms="54" status="PASS">
          <params>
            <param index="0">
              <value>
                <![CDATA[[TestResult name=negative_test_test status=SUCCESS method=negative_test.negative_test_test()[pri:0, instance:blazedemo.testcases.negative_test@4f6f416f] output={null}]]]>
              </value>
            </param>
          </params>
          <reporter-output>
          </reporter-output>
        </test-method> <!-- status -->
      </class> <!-- blazedemo.testcases.negative_test -->
      <class name="blazedemo.testcases.firstpage__Test">
        <test-method is-config="true" signature="setup()[pri:0, instance:blazedemo.testcases.firstpage__Test@5965be2d]" started-at="2023-07-21T10:04:05Z" name="setup" finished-at="2023-07-21T10:04:08Z" duration-ms="2346" status="PASS">
          <reporter-output>
          </reporter-output>
        </test-method> <!-- setup -->
        <test-method is-config="true" signature="nevigateToURL()[pri:0, instance:blazedemo.testcases.firstpage__Test@5965be2d]" started-at="2023-07-21T10:04:08Z" name="nevigateToURL" finished-at="2023-07-21T10:04:13Z" duration-ms="5499" status="PASS">
          <reporter-output>
          </reporter-output>
        </test-method> <!-- nevigateToURL -->
        <test-method is-config="true" signature="startTest(java.lang.reflect.Method)[pri:0, instance:blazedemo.testcases.firstpage__Test@5965be2d]" started-at="2023-07-21T10:04:13Z" name="startTest" finished-at="2023-07-21T10:04:13Z" duration-ms="4" status="PASS">
          <params>
            <param index="0">
              <value>
                <![CDATA[public void blazedemo.testcases.firstpage__Test.appliancesTest() throws java.lang.InterruptedException]]>
              </value>
            </param>
          </params>
          <reporter-output>
          </reporter-output>
        </test-method> <!-- startTest -->
        <test-method signature="appliancesTest()[pri:0, instance:blazedemo.testcases.firstpage__Test@5965be2d]" started-at="2023-07-21T10:04:13Z" name="appliancesTest" finished-at="2023-07-21T10:04:17Z" duration-ms="4229" status="PASS">
          <reporter-output>
          </reporter-output>
        </test-method> <!-- appliancesTest -->
        <test-method is-config="true" signature="status(org.testng.ITestResult)[pri:0, instance:blazedemo.testcases.firstpage__Test@5965be2d]" started-at="2023-07-21T10:04:17Z" name="status" finished-at="2023-07-21T10:04:18Z" duration-ms="293" status="PASS">
          <params>
            <param index="0">
              <value>
                <![CDATA[[TestResult name=appliancesTest status=SUCCESS method=firstpage__Test.appliancesTest()[pri:0, instance:blazedemo.testcases.firstpage__Test@5965be2d] output={null}]]]>
              </value>
            </param>
          </params>
          <reporter-output>
          </reporter-output>
        </test-method> <!-- status -->
        <test-method is-config="true" signature="closeURL()[pri:0, instance:blazedemo.testcases.firstpage__Test@5965be2d]" started-at="2023-07-21T10:04:41Z" name="closeURL" finished-at="2023-07-21T10:04:41Z" duration-ms="219" status="PASS">
          <reporter-output>
          </reporter-output>
        </test-method> <!-- closeURL -->
      </class> <!-- blazedemo.testcases.firstpage__Test -->
      <class name="blazedemo.testcases.passenger_detail_test">
        <test-method signature="negativepassenger_detail_test_test()[pri:0, instance:blazedemo.testcases.passenger_detail_test@3e74829]" started-at="2023-07-21T10:04:23Z" name="negativepassenger_detail_test_test" finished-at="2023-07-21T10:04:29Z" duration-ms="6109" status="PASS">
          <reporter-output>
          </reporter-output>
        </test-method> <!-- negativepassenger_detail_test_test -->
        <test-method is-config="true" signature="startTest(java.lang.reflect.Method)[pri:0, instance:blazedemo.testcases.passenger_detail_test@3e74829]" started-at="2023-07-21T10:04:23Z" name="startTest" finished-at="2023-07-21T10:04:23Z" duration-ms="0" status="PASS">
          <params>
            <param index="0">
              <value>
                <![CDATA[public void blazedemo.testcases.passenger_detail_test.negativepassenger_detail_test_test() throws java.lang.InterruptedException]]>
              </value>
            </param>
          </params>
          <reporter-output>
          </reporter-output>
        </test-method> <!-- startTest -->
        <test-method is-config="true" signature="status(org.testng.ITestResult)[pri:0, instance:blazedemo.testcases.passenger_detail_test@3e74829]" started-at="2023-07-21T10:04:29Z" name="status" finished-at="2023-07-21T10:04:29Z" duration-ms="62" status="PASS">
          <params>
            <param index="0">
              <value>
                <![CDATA[[TestResult name=negativepassenger_detail_test_test status=SUCCESS method=passenger_detail_test.negativepassenger_detail_test_test()[pri:0, instance:blazedemo.testcases.passenger_detail_test@3e74829] output={null}]]]>
              </value>
            </param>
          </params>
          <reporter-output>
          </reporter-output>
        </test-method> <!-- status -->
      </class> <!-- blazedemo.testcases.passenger_detail_test -->
      <class name="blazedemo.testcases.choose_flight_test">
        <test-method is-config="true" signature="startTest(java.lang.reflect.Method)[pri:0, instance:blazedemo.testcases.choose_flight_test@409c54f]" started-at="2023-07-21T10:04:18Z" name="startTest" finished-at="2023-07-21T10:04:18Z" duration-ms="4" status="PASS">
          <params>
            <param index="0">
              <value>
                <![CDATA[public void blazedemo.testcases.choose_flight_test.chooseFlightTest() throws java.lang.InterruptedException]]>
              </value>
            </param>
          </params>
          <reporter-output>
          </reporter-output>
        </test-method> <!-- startTest -->
        <test-method signature="chooseFlightTest()[pri:0, instance:blazedemo.testcases.choose_flight_test@409c54f]" started-at="2023-07-21T10:04:18Z" name="chooseFlightTest" finished-at="2023-07-21T10:04:22Z" duration-ms="4757" status="PASS">
          <reporter-output>
          </reporter-output>
        </test-method> <!-- chooseFlightTest -->
        <test-method is-config="true" signature="status(org.testng.ITestResult)[pri:0, instance:blazedemo.testcases.choose_flight_test@409c54f]" started-at="2023-07-21T10:04:22Z" name="status" finished-at="2023-07-21T10:04:23Z" duration-ms="63" status="PASS">
          <params>
            <param index="0">
              <value>
                <![CDATA[[TestResult name=chooseFlightTest status=SUCCESS method=choose_flight_test.chooseFlightTest()[pri:0, instance:blazedemo.testcases.choose_flight_test@409c54f] output={null}]]]>
              </value>
            </param>
          </params>
          <reporter-output>
          </reporter-output>
        </test-method> <!-- status -->
      </class> <!-- blazedemo.testcases.choose_flight_test -->
    </test> <!-- chromeTest -->
  </suite> <!-- DEFEW_project -->
</testng-results>
