<?xml version="1.0" encoding="UTF-8"?>
<!-- Generated by org.testng.reporters.JUnitXMLReporter -->
<testsuite ignored="9" hostname="IN-PG02NKK7" failures="0" tests="4" name="chromeTest" time="33.396" errors="0" timestamp="21 Jul 2023 10:04:41 GMT">
  <testcase classname="blazedemo.testcases.firstpage__Test" name="appliancesTest" time="4.229"/>
  <testcase classname="blazedemo.testcases.choose_flight_test" name="chooseFlightTest" time="4.757"/>
  <testcase classname="blazedemo.testcases.passenger_detail_test" name="negativepassenger_detail_test_test" time="6.109"/>
  <testcase classname="blazedemo.testcases.negative_test" name="negative_test_test" time="12.294"/>
  <testcase classname="blaze_demo_utilities.BasePage" name="@AfterSuite closeURL" time="0.0">
    <ignored/>
  </testcase> <!-- @AfterSuite closeURL -->
  <testcase classname="blaze_demo_utilities.BasePage" name="@AfterSuite closeURL" time="0.0">
    <ignored/>
  </testcase> <!-- @AfterSuite closeURL -->
  <testcase classname="blaze_demo_utilities.BasePage" name="@AfterSuite closeURL" time="0.0">
    <ignored/>
  </testcase> <!-- @AfterSuite closeURL -->
  <testcase classname="blaze_demo_utilities.BasePage" name="@BeforeSuite setup" time="0.0">
    <ignored/>
  </testcase> <!-- @BeforeSuite setup -->
  <testcase classname="blaze_demo_utilities.BasePage" name="@BeforeSuite setup" time="0.0">
    <ignored/>
  </testcase> <!-- @BeforeSuite setup -->
  <testcase classname="blaze_demo_utilities.BasePage" name="@BeforeSuite setup" time="0.0">
    <ignored/>
  </testcase> <!-- @BeforeSuite setup -->
  <testcase classname="blaze_demo_utilities.BasePage" name="@BeforeTest nevigateToURL" time="0.0">
    <ignored/>
  </testcase> <!-- @BeforeTest nevigateToURL -->
  <testcase classname="blaze_demo_utilities.BasePage" name="@BeforeTest nevigateToURL" time="0.0">
    <ignored/>
  </testcase> <!-- @BeforeTest nevigateToURL -->
  <testcase classname="blaze_demo_utilities.BasePage" name="@BeforeTest nevigateToURL" time="0.0">
    <ignored/>
  </testcase> <!-- @BeforeTest nevigateToURL -->
</testsuite> <!-- chromeTest -->
